[1/22] nvcc -c -rdc=true -Xcompiler "/wd 4819" -Xcompiler "/MD" -Xcudafe "--display_error_number --diag_suppress=2381 --diag_suppress=unsigned_compare_with_zero --diag_suppress=useless_type_qualifier_on_return_type" -D_GNU_SOURCE -DMATLAB_MEX_FILE -I "." -I "D:\ProjectLib\matlabdone\jetson nano" -I "C:\Program Files\NVIDIA GPU Computing Toolkit\CUDA\cuDNN\include" -I "C:\Program Files\NVIDIA GPU Computing Toolkit\CUDA\TensorRT\include" -I ".\interface" -I "D:\ProjectLib\matlab2020a\matlab2020a\extern\include" -I "." -DMW_CUDA_ARCH=350 -DMODEL=myAlexNetGPU_mex -DMW_NEEDS_VERSION_H  -arch sm_35  -I "D:\ProjectLib\matlab2020a\matlab2020a/simulink/include" -I "D:\ProjectLib\matlab2020a\matlab2020a/toolbox/shared/simtargets" MWElementwiseAffineLayer.cpp -o build\win64\MWElementwiseAffineLayer.obj
MWElementwiseAffineLayer.cpp
[2/22] nvcc -c -rdc=true -Xcompiler "/wd 4819" -Xcompiler "/MD" -Xcudafe "--display_error_number --diag_suppress=2381 --diag_suppress=unsigned_compare_with_zero --diag_suppress=useless_type_qualifier_on_return_type" -D_GNU_SOURCE -DMATLAB_MEX_FILE -I "." -I "D:\ProjectLib\matlabdone\jetson nano" -I "C:\Program Files\NVIDIA GPU Computing Toolkit\CUDA\cuDNN\include" -I "C:\Program Files\NVIDIA GPU Computing Toolkit\CUDA\TensorRT\include" -I ".\interface" -I "D:\ProjectLib\matlab2020a\matlab2020a\extern\include" -I "." -DMW_CUDA_ARCH=350 -DMODEL=myAlexNetGPU_mex -DMW_NEEDS_VERSION_H  -arch sm_35  -I "D:\ProjectLib\matlab2020a\matlab2020a/simulink/include" -I "D:\ProjectLib\matlab2020a\matlab2020a/toolbox/shared/simtargets" MWConvLayer.cpp -o build\win64\MWConvLayer.obj
MWConvLayer.cpp
[3/22] nvcc -c -rdc=true -Xcompiler "/wd 4819" -Xcompiler "/MD" -Xcudafe "--display_error_number --diag_suppress=2381 --diag_suppress=unsigned_compare_with_zero --diag_suppress=useless_type_qualifier_on_return_type" -D_GNU_SOURCE -DMATLAB_MEX_FILE -I "." -I "D:\ProjectLib\matlabdone\jetson nano" -I "C:\Program Files\NVIDIA GPU Computing Toolkit\CUDA\cuDNN\include" -I "C:\Program Files\NVIDIA GPU Computing Toolkit\CUDA\TensorRT\include" -I ".\interface" -I "D:\ProjectLib\matlab2020a\matlab2020a\extern\include" -I "." -DMW_CUDA_ARCH=350 -DMODEL=myAlexNetGPU_mex -DMW_NEEDS_VERSION_H  -arch sm_35  -I "D:\ProjectLib\matlab2020a\matlab2020a/simulink/include" -I "D:\ProjectLib\matlab2020a\matlab2020a/toolbox/shared/simtargets" cnn_api.cpp -o build\win64\cnn_api.obj
cnn_api.cpp
[4/22] nvcc -c -rdc=true -Xcompiler "/wd 4819" -Xcompiler "/MD" -Xcudafe "--display_error_number --diag_suppress=2381 --diag_suppress=unsigned_compare_with_zero --diag_suppress=useless_type_qualifier_on_return_type" -D_GNU_SOURCE -DMATLAB_MEX_FILE -I "." -I "D:\ProjectLib\matlabdone\jetson nano" -I "C:\Program Files\NVIDIA GPU Computing Toolkit\CUDA\cuDNN\include" -I "C:\Program Files\NVIDIA GPU Computing Toolkit\CUDA\TensorRT\include" -I ".\interface" -I "D:\ProjectLib\matlab2020a\matlab2020a\extern\include" -I "." -DMW_CUDA_ARCH=350 -DMODEL=myAlexNetGPU_mex -DMW_NEEDS_VERSION_H  -arch sm_35  -I "D:\ProjectLib\matlab2020a\matlab2020a/simulink/include" -I "D:\ProjectLib\matlab2020a\matlab2020a/toolbox/shared/simtargets" rt_nonfinite.cpp -o build\win64\rt_nonfinite.obj
rt_nonfinite.cpp
[5/22] nvcc -c -rdc=true -Xcompiler "/wd 4819" -Xcompiler "/MD" -Xcudafe "--display_error_number --diag_suppress=2381 --diag_suppress=unsigned_compare_with_zero --diag_suppress=useless_type_qualifier_on_return_type" -D_GNU_SOURCE -DMATLAB_MEX_FILE -I "." -I "D:\ProjectLib\matlabdone\jetson nano" -I "C:\Program Files\NVIDIA GPU Computing Toolkit\CUDA\cuDNN\include" -I "C:\Program Files\NVIDIA GPU Computing Toolkit\CUDA\TensorRT\include" -I ".\interface" -I "D:\ProjectLib\matlab2020a\matlab2020a\extern\include" -I "." -DMW_CUDA_ARCH=350 -DMODEL=myAlexNetGPU_mex -DMW_NEEDS_VERSION_H  -arch sm_35  -I "D:\ProjectLib\matlab2020a\matlab2020a/simulink/include" -I "D:\ProjectLib\matlab2020a\matlab2020a/toolbox/shared/simtargets" MWElementwiseAffineLayerImplKernel.cu -o build\win64\MWElementwiseAffineLayerImplKernel.obj
MWElementwiseAffineLayerImplKernel.cu
[6/22] nvcc -c -rdc=true -Xcompiler "/wd 4819" -Xcompiler "/MD" -Xcudafe "--display_error_number --diag_suppress=2381 --diag_suppress=unsigned_compare_with_zero --diag_suppress=useless_type_qualifier_on_return_type" -D_GNU_SOURCE -DMATLAB_MEX_FILE -I "." -I "D:\ProjectLib\matlabdone\jetson nano" -I "C:\Program Files\NVIDIA GPU Computing Toolkit\CUDA\cuDNN\include" -I "C:\Program Files\NVIDIA GPU Computing Toolkit\CUDA\TensorRT\include" -I ".\interface" -I "D:\ProjectLib\matlab2020a\matlab2020a\extern\include" -I "." -DMW_CUDA_ARCH=350 -DMODEL=myAlexNetGPU_mex -DMW_NEEDS_VERSION_H  -arch sm_35  -I "D:\ProjectLib\matlab2020a\matlab2020a/simulink/include" -I "D:\ProjectLib\matlab2020a\matlab2020a/toolbox/shared/simtargets" myAlexNetGPU.cu -o build\win64\myAlexNetGPU.obj
myAlexNetGPU.cu
[7/22] nvcc -c -rdc=true -Xcompiler "/wd 4819" -Xcompiler "/MD" -Xcudafe "--display_error_number --diag_suppress=2381 --diag_suppress=unsigned_compare_with_zero --diag_suppress=useless_type_qualifier_on_return_type" -D_GNU_SOURCE -DMATLAB_MEX_FILE -I "." -I "D:\ProjectLib\matlabdone\jetson nano" -I "C:\Program Files\NVIDIA GPU Computing Toolkit\CUDA\cuDNN\include" -I "C:\Program Files\NVIDIA GPU Computing Toolkit\CUDA\TensorRT\include" -I ".\interface" -I "D:\ProjectLib\matlab2020a\matlab2020a\extern\include" -I "." -DMW_CUDA_ARCH=350 -DMODEL=myAlexNetGPU_mex -DMW_NEEDS_VERSION_H  -arch sm_35  -I "D:\ProjectLib\matlab2020a\matlab2020a/simulink/include" -I "D:\ProjectLib\matlab2020a\matlab2020a/toolbox/shared/simtargets" DeepLearningNetwork.cu -o build\win64\DeepLearningNetwork.obj
DeepLearningNetwork.cu
[8/22] nvcc -c -rdc=true -Xcompiler "/wd 4819" -Xcompiler "/MD" -Xcudafe "--display_error_number --diag_suppress=2381 --diag_suppress=unsigned_compare_with_zero --diag_suppress=useless_type_qualifier_on_return_type" -D_GNU_SOURCE -DMATLAB_MEX_FILE -I "." -I "D:\ProjectLib\matlabdone\jetson nano" -I "C:\Program Files\NVIDIA GPU Computing Toolkit\CUDA\cuDNN\include" -I "C:\Program Files\NVIDIA GPU Computing Toolkit\CUDA\TensorRT\include" -I ".\interface" -I "D:\ProjectLib\matlab2020a\matlab2020a\extern\include" -I "." -DMW_CUDA_ARCH=350 -DMODEL=myAlexNetGPU_mex -DMW_NEEDS_VERSION_H  -arch sm_35  -I "D:\ProjectLib\matlab2020a\matlab2020a/simulink/include" -I "D:\ProjectLib\matlab2020a\matlab2020a/toolbox/shared/simtargets" interface\_coder_myAlexNetGPU_api.cu -o build\win64\_coder_myAlexNetGPU_api.obj
_coder_myAlexNetGPU_api.cu
[9/22] nvcc -c -rdc=true -Xcompiler "/wd 4819" -Xcompiler "/MD" -Xcudafe "--display_error_number --diag_suppress=2381 --diag_suppress=unsigned_compare_with_zero --diag_suppress=useless_type_qualifier_on_return_type" -D_GNU_SOURCE -DMATLAB_MEX_FILE -I "." -I "D:\ProjectLib\matlabdone\jetson nano" -I "C:\Program Files\NVIDIA GPU Computing Toolkit\CUDA\cuDNN\include" -I "C:\Program Files\NVIDIA GPU Computing Toolkit\CUDA\TensorRT\include" -I ".\interface" -I "D:\ProjectLib\matlab2020a\matlab2020a\extern\include" -I "." -DMW_CUDA_ARCH=350 -DMODEL=myAlexNetGPU_mex -DMW_NEEDS_VERSION_H  -arch sm_35  -I "D:\ProjectLib\matlab2020a\matlab2020a/simulink/include" -I "D:\ProjectLib\matlab2020a\matlab2020a/toolbox/shared/simtargets" predict.cu -o build\win64\predict.obj
predict.cu
[10/22] nvcc -c -rdc=true -Xcompiler "/wd 4819" -Xcompiler "/MD" -Xcudafe "--display_error_number --diag_suppress=2381 --diag_suppress=unsigned_compare_with_zero --diag_suppress=useless_type_qualifier_on_return_type" -D_GNU_SOURCE -DMATLAB_MEX_FILE -I "." -I "D:\ProjectLib\matlabdone\jetson nano" -I "C:\Program Files\NVIDIA GPU Computing Toolkit\CUDA\cuDNN\include" -I "C:\Program Files\NVIDIA GPU Computing Toolkit\CUDA\TensorRT\include" -I ".\interface" -I "D:\ProjectLib\matlab2020a\matlab2020a\extern\include" -I "." -DMW_CUDA_ARCH=350 -DMODEL=myAlexNetGPU_mex -DMW_NEEDS_VERSION_H  -arch sm_35  -I "D:\ProjectLib\matlab2020a\matlab2020a/simulink/include" -I "D:\ProjectLib\matlab2020a\matlab2020a/toolbox/shared/simtargets" MWTargetNetworkImpl.cu -o build\win64\MWTargetNetworkImpl.obj
MWTargetNetworkImpl.cu
[11/22] nvcc -c -rdc=true -Xcompiler "/wd 4819" -Xcompiler "/MD" -Xcudafe "--display_error_number --diag_suppress=2381 --diag_suppress=unsigned_compare_with_zero --diag_suppress=useless_type_qualifier_on_return_type" -D_GNU_SOURCE -DMATLAB_MEX_FILE -I "." -I "D:\ProjectLib\matlabdone\jetson nano" -I "C:\Program Files\NVIDIA GPU Computing Toolkit\CUDA\cuDNN\include" -I "C:\Program Files\NVIDIA GPU Computing Toolkit\CUDA\TensorRT\include" -I ".\interface" -I "D:\ProjectLib\matlab2020a\matlab2020a\extern\include" -I "." -DMW_CUDA_ARCH=350 -DMODEL=myAlexNetGPU_mex -DMW_NEEDS_VERSION_H  -arch sm_35  -I "D:\ProjectLib\matlab2020a\matlab2020a/simulink/include" -I "D:\ProjectLib\matlab2020a\matlab2020a/toolbox/shared/simtargets" MWCNNLayerImpl.cu -o build\win64\MWCNNLayerImpl.obj
MWCNNLayerImpl.cu
[12/22] nvcc -c -rdc=true -Xcompiler "/wd 4819" -Xcompiler "/MD" -Xcudafe "--display_error_number --diag_suppress=2381 --diag_suppress=unsigned_compare_with_zero --diag_suppress=useless_type_qualifier_on_return_type" -D_GNU_SOURCE -DMATLAB_MEX_FILE -I "." -I "D:\ProjectLib\matlabdone\jetson nano" -I "C:\Program Files\NVIDIA GPU Computing Toolkit\CUDA\cuDNN\include" -I "C:\Program Files\NVIDIA GPU Computing Toolkit\CUDA\TensorRT\include" -I ".\interface" -I "D:\ProjectLib\matlab2020a\matlab2020a\extern\include" -I "." -DMW_CUDA_ARCH=350 -DMODEL=myAlexNetGPU_mex -DMW_NEEDS_VERSION_H  -arch sm_35  -I "D:\ProjectLib\matlab2020a\matlab2020a/simulink/include" -I "D:\ProjectLib\matlab2020a\matlab2020a/toolbox/shared/simtargets" myAlexNetGPU_data.cu -o build\win64\myAlexNetGPU_data.obj
myAlexNetGPU_data.cu
[13/22] nvcc -c -rdc=true -Xcompiler "/wd 4819" -Xcompiler "/MD" -Xcudafe "--display_error_number --diag_suppress=2381 --diag_suppress=unsigned_compare_with_zero --diag_suppress=useless_type_qualifier_on_return_type" -D_GNU_SOURCE -DMATLAB_MEX_FILE -I "." -I "D:\ProjectLib\matlabdone\jetson nano" -I "C:\Program Files\NVIDIA GPU Computing Toolkit\CUDA\cuDNN\include" -I "C:\Program Files\NVIDIA GPU Computing Toolkit\CUDA\TensorRT\include" -I ".\interface" -I "D:\ProjectLib\matlab2020a\matlab2020a\extern\include" -I "." -DMW_CUDA_ARCH=350 -DMODEL=myAlexNetGPU_mex -DMW_NEEDS_VERSION_H  -arch sm_35  -I "D:\ProjectLib\matlab2020a\matlab2020a/simulink/include" -I "D:\ProjectLib\matlab2020a\matlab2020a/toolbox/shared/simtargets" MWConvLayerImpl.cu -o build\win64\MWConvLayerImpl.obj
MWConvLayerImpl.cu
[14/22] nvcc -c -rdc=true -Xcompiler "/wd 4819" -Xcompiler "/MD" -Xcudafe "--display_error_number --diag_suppress=2381 --diag_suppress=unsigned_compare_with_zero --diag_suppress=useless_type_qualifier_on_return_type" -D_GNU_SOURCE -DMATLAB_MEX_FILE -I "." -I "D:\ProjectLib\matlabdone\jetson nano" -I "C:\Program Files\NVIDIA GPU Computing Toolkit\CUDA\cuDNN\include" -I "C:\Program Files\NVIDIA GPU Computing Toolkit\CUDA\TensorRT\include" -I ".\interface" -I "D:\ProjectLib\matlab2020a\matlab2020a\extern\include" -I "." -DMW_CUDA_ARCH=350 -DMODEL=myAlexNetGPU_mex -DMW_NEEDS_VERSION_H  -arch sm_35  -I "D:\ProjectLib\matlab2020a\matlab2020a/simulink/include" -I "D:\ProjectLib\matlab2020a\matlab2020a/toolbox/shared/simtargets" cpp_mexapi_version.cpp -o build\win64\cpp_mexapi_version.obj
cpp_mexapi_version.cpp
[15/22] nvcc -c -rdc=true -Xcompiler "/wd 4819" -Xcompiler "/MD" -Xcudafe "--display_error_number --diag_suppress=2381 --diag_suppress=unsigned_compare_with_zero --diag_suppress=useless_type_qualifier_on_return_type" -D_GNU_SOURCE -DMATLAB_MEX_FILE -I "." -I "D:\ProjectLib\matlabdone\jetson nano" -I "C:\Program Files\NVIDIA GPU Computing Toolkit\CUDA\cuDNN\include" -I "C:\Program Files\NVIDIA GPU Computing Toolkit\CUDA\TensorRT\include" -I ".\interface" -I "D:\ProjectLib\matlab2020a\matlab2020a\extern\include" -I "." -DMW_CUDA_ARCH=350 -DMODEL=myAlexNetGPU_mex -DMW_NEEDS_VERSION_H  -arch sm_35  -I "D:\ProjectLib\matlab2020a\matlab2020a/simulink/include" -I "D:\ProjectLib\matlab2020a\matlab2020a/toolbox/shared/simtargets" interface\_coder_myAlexNetGPU_info.cu -o build\win64\_coder_myAlexNetGPU_info.obj
_coder_myAlexNetGPU_info.cu
[16/22] nvcc -c -rdc=true -Xcompiler "/wd 4819" -Xcompiler "/MD" -Xcudafe "--display_error_number --diag_suppress=2381 --diag_suppress=unsigned_compare_with_zero --diag_suppress=useless_type_qualifier_on_return_type" -D_GNU_SOURCE -DMATLAB_MEX_FILE -I "." -I "D:\ProjectLib\matlabdone\jetson nano" -I "C:\Program Files\NVIDIA GPU Computing Toolkit\CUDA\cuDNN\include" -I "C:\Program Files\NVIDIA GPU Computing Toolkit\CUDA\TensorRT\include" -I ".\interface" -I "D:\ProjectLib\matlab2020a\matlab2020a\extern\include" -I "." -DMW_CUDA_ARCH=350 -DMODEL=myAlexNetGPU_mex -DMW_NEEDS_VERSION_H  -arch sm_35  -I "D:\ProjectLib\matlab2020a\matlab2020a/simulink/include" -I "D:\ProjectLib\matlab2020a\matlab2020a/toolbox/shared/simtargets" MWCudaDimUtility.cu -o build\win64\MWCudaDimUtility.obj
MWCudaDimUtility.cu
[17/22] nvcc -c -rdc=true -Xcompiler "/wd 4819" -Xcompiler "/MD" -Xcudafe "--display_error_number --diag_suppress=2381 --diag_suppress=unsigned_compare_with_zero --diag_suppress=useless_type_qualifier_on_return_type" -D_GNU_SOURCE -DMATLAB_MEX_FILE -I "." -I "D:\ProjectLib\matlabdone\jetson nano" -I "C:\Program Files\NVIDIA GPU Computing Toolkit\CUDA\cuDNN\include" -I "C:\Program Files\NVIDIA GPU Computing Toolkit\CUDA\TensorRT\include" -I ".\interface" -I "D:\ProjectLib\matlab2020a\matlab2020a\extern\include" -I "." -DMW_CUDA_ARCH=350 -DMODEL=myAlexNetGPU_mex -DMW_NEEDS_VERSION_H  -arch sm_35  -I "D:\ProjectLib\matlab2020a\matlab2020a/simulink/include" -I "D:\ProjectLib\matlab2020a\matlab2020a/toolbox/shared/simtargets" myAlexNetGPU_mexutil.cu -o build\win64\myAlexNetGPU_mexutil.obj
myAlexNetGPU_mexutil.cu
[18/22] nvcc -c -rdc=true -Xcompiler "/wd 4819" -Xcompiler "/MD" -Xcudafe "--display_error_number --diag_suppress=2381 --diag_suppress=unsigned_compare_with_zero --diag_suppress=useless_type_qualifier_on_return_type" -D_GNU_SOURCE -DMATLAB_MEX_FILE -I "." -I "D:\ProjectLib\matlabdone\jetson nano" -I "C:\Program Files\NVIDIA GPU Computing Toolkit\CUDA\cuDNN\include" -I "C:\Program Files\NVIDIA GPU Computing Toolkit\CUDA\TensorRT\include" -I ".\interface" -I "D:\ProjectLib\matlab2020a\matlab2020a\extern\include" -I "." -DMW_CUDA_ARCH=350 -DMODEL=myAlexNetGPU_mex -DMW_NEEDS_VERSION_H  -arch sm_35  -I "D:\ProjectLib\matlab2020a\matlab2020a/simulink/include" -I "D:\ProjectLib\matlab2020a\matlab2020a/toolbox/shared/simtargets" MWElementwiseAffineLayerImpl.cu -o build\win64\MWElementwiseAffineLayerImpl.obj
MWElementwiseAffineLayerImpl.cu
[19/22] nvcc -c -rdc=true -Xcompiler "/wd 4819" -Xcompiler "/MD" -Xcudafe "--display_error_number --diag_suppress=2381 --diag_suppress=unsigned_compare_with_zero --diag_suppress=useless_type_qualifier_on_return_type" -D_GNU_SOURCE -DMATLAB_MEX_FILE -I "." -I "D:\ProjectLib\matlabdone\jetson nano" -I "C:\Program Files\NVIDIA GPU Computing Toolkit\CUDA\cuDNN\include" -I "C:\Program Files\NVIDIA GPU Computing Toolkit\CUDA\TensorRT\include" -I ".\interface" -I "D:\ProjectLib\matlab2020a\matlab2020a\extern\include" -I "." -DMW_CUDA_ARCH=350 -DMODEL=myAlexNetGPU_mex -DMW_NEEDS_VERSION_H  -arch sm_35  -I "D:\ProjectLib\matlab2020a\matlab2020a/simulink/include" -I "D:\ProjectLib\matlab2020a\matlab2020a/toolbox/shared/simtargets" myAlexNetGPU_initialize.cu -o build\win64\myAlexNetGPU_initialize.obj
myAlexNetGPU_initialize.cu
[20/22] nvcc -c -rdc=true -Xcompiler "/wd 4819" -Xcompiler "/MD" -Xcudafe "--display_error_number --diag_suppress=2381 --diag_suppress=unsigned_compare_with_zero --diag_suppress=useless_type_qualifier_on_return_type" -D_GNU_SOURCE -DMATLAB_MEX_FILE -I "." -I "D:\ProjectLib\matlabdone\jetson nano" -I "C:\Program Files\NVIDIA GPU Computing Toolkit\CUDA\cuDNN\include" -I "C:\Program Files\NVIDIA GPU Computing Toolkit\CUDA\TensorRT\include" -I ".\interface" -I "D:\ProjectLib\matlab2020a\matlab2020a\extern\include" -I "." -DMW_CUDA_ARCH=350 -DMODEL=myAlexNetGPU_mex -DMW_NEEDS_VERSION_H  -arch sm_35  -I "D:\ProjectLib\matlab2020a\matlab2020a/simulink/include" -I "D:\ProjectLib\matlab2020a\matlab2020a/toolbox/shared/simtargets" myAlexNetGPU_terminate.cu -o build\win64\myAlexNetGPU_terminate.obj
myAlexNetGPU_terminate.cu
[21/22] nvcc -c -rdc=true -Xcompiler "/wd 4819" -Xcompiler "/MD" -Xcudafe "--display_error_number --diag_suppress=2381 --diag_suppress=unsigned_compare_with_zero --diag_suppress=useless_type_qualifier_on_return_type" -D_GNU_SOURCE -DMATLAB_MEX_FILE -I "." -I "D:\ProjectLib\matlabdone\jetson nano" -I "C:\Program Files\NVIDIA GPU Computing Toolkit\CUDA\cuDNN\include" -I "C:\Program Files\NVIDIA GPU Computing Toolkit\CUDA\TensorRT\include" -I ".\interface" -I "D:\ProjectLib\matlab2020a\matlab2020a\extern\include" -I "." -DMW_CUDA_ARCH=350 -DMODEL=myAlexNetGPU_mex -DMW_NEEDS_VERSION_H  -arch sm_35  -I "D:\ProjectLib\matlab2020a\matlab2020a/simulink/include" -I "D:\ProjectLib\matlab2020a\matlab2020a/toolbox/shared/simtargets" interface\_coder_myAlexNetGPU_mex.cu -o build\win64\_coder_myAlexNetGPU_mex.obj
_coder_myAlexNetGPU_mex.cu
[22/22] nvcc -Xlinker  /nologo -Xlinker  /manifest   -Xlinker  /DLL -L"D:\ProjectLib\matlab2020a\matlab2020a\extern\lib\win64\microsoft" libmx.lib libmex.lib libmat.lib kernel32.lib user32.lib gdi32.lib winspool.lib comdlg32.lib advapi32.lib shell32.lib ole32.lib oleaut32.lib uuid.lib odbc32.lib odbccp32.lib libMatlabDataArray.lib libMatlabEngine.lib   libemlrt.lib libcovrt.lib libut.lib libmwmathutil.lib -arch sm_35  "C:\Program Files\NVIDIA GPU Computing Toolkit\CUDA\cuDNN\lib\x64\cudnn.lib" "C:\Program Files\NVIDIA GPU Computing Toolkit\CUDA\TensorRT\lib\nvinfer_plugin.lib" "C:\Program Files\NVIDIA GPU Computing Toolkit\CUDA\TensorRT\lib\nvinfer.lib" "C:\Program Files\NVIDIA GPU Computing Toolkit\CUDA\v10.0\lib\x64\cudart.lib" -L"C:\Program Files\NVIDIA GPU Computing Toolkit\CUDA\v10.0\lib\x64" cudart.lib cublas.lib cusolver.lib cufft.lib cuda.lib -Xnvlink -w  -Wno-deprecated-gpu-targets -Xlinker /NODEFAULTLIB:libcmt.lib -o myAlexNetGPU_mex.mexw64 build\win64\MWConvLayer.obj build\win64\MWElementwiseAffineLayer.obj build\win64\cnn_api.obj build\win64\MWElementwiseAffineLayerImplKernel.obj build\win64\MWCNNLayerImpl.obj build\win64\MWConvLayerImpl.obj build\win64\MWElementwiseAffineLayerImpl.obj build\win64\MWTargetNetworkImpl.obj build\win64\rt_nonfinite.obj build\win64\myAlexNetGPU_mexutil.obj build\win64\myAlexNetGPU_data.obj build\win64\myAlexNetGPU_initialize.obj build\win64\myAlexNetGPU_terminate.obj build\win64\myAlexNetGPU.obj build\win64\DeepLearningNetwork.obj build\win64\predict.obj build\win64\_coder_myAlexNetGPU_api.obj build\win64\_coder_myAlexNetGPU_mex.obj build\win64\_coder_myAlexNetGPU_info.obj build\win64\MWCudaDimUtility.obj build\win64\cpp_mexapi_version.obj
libmx.lib
libmex.lib
libmat.lib
kernel32.lib
user32.lib
gdi32.lib
winspool.lib
comdlg32.lib
advapi32.lib
shell32.lib
ole32.lib
oleaut32.lib
uuid.lib
odbc32.lib
odbccp32.lib
libMatlabDataArray.lib
libMatlabEngine.lib
libemlrt.lib
libcovrt.lib
libut.lib
libmwmathutil.lib
cudnn.lib
nvinfer_plugin.lib
nvinfer.lib
cudart.lib
cudart.lib
cublas.lib
cusolver.lib
cufft.lib
cuda.lib
MWConvLayer.obj
MWElementwiseAffineLayer.obj
cnn_api.obj
MWElementwiseAffineLayerImplKernel.obj
MWCNNLayerImpl.obj
MWConvLayerImpl.obj
MWElementwiseAffineLayerImpl.obj
MWTargetNetworkImpl.obj
rt_nonfinite.obj
mymyModelGPU_mexutil.obj
mymyModelGPU_data.obj
mymyModelGPU_initialize.obj
mymyModelGPU_terminate.obj
mymyModelGPU.obj
DeepLearningNetwork.obj
predict.obj
_coder_myModelGPU_api.obj
_coder_myModelGPU_mex.obj
_coder_myModelGPU_info.obj
MWCudaDimUtility.obj
cpp_mexapi_version.obj
  正在创建库 myModelGPU_mex.lib 和对象 myModelGPU_mex.exp
